685523959
108025167
49815
0
690260314
770573541
281301056
1955056
529149125
256630595
122
400097751
554938252
589580980
740
560231810
70178
1686886
130456425
189373534
107251
862418041
554871845
935342501
254
18733531
998193609
10214
183378147
410720495
448470305
411688874
5
0
763626099
248024284
1294926
4856629
124
716417863
732701278
30364544
263947972
657830763
65
780459263
754210644
639105100
412092041
279044539
295881875
290295600
914843358
2448703
861649746
5
343987765
1246
8
718428282
95507525
320682458
13
418903547
3
123360361
378329467
209588
605824162
15
88
624079270
5530446
178915
148778505
886222793
219739457
554403532
946422625
77308
542393750
124433246
626738194
1
0
15671621
112457845
137933643
240998498
156081328
57963020
202936997
17
269766285
1
233027125
742619266
540310423
0
1
